C51 COMPILER V9.52.0.0   ADC0832                                                           05/16/2015 07:36:41 PAGE 1   


C51 COMPILER V9.52.0.0, COMPILATION OF MODULE ADC0832
OBJECT MODULE PLACED IN ADC0832.OBJ
COMPILER INVOKED BY: D:\Keil\C51\BIN\C51.EXE ADC0832.c BROWSE DEBUG OBJECTEXTEND

line level    source

   1          #include "ADC0832.h"
   2          #include <reg52.h>
   3          #include "LCD12864.h"
   4          
   5          unsigned int ADC_val;
   6          sbit CS =  P3^2;
   7          sbit DIO = P3^4;
   8          sbit CLK = P3^3;
   9          
  10          unsigned char getvalue0832 (bit channel)
  11          {
  12   1          
  13   1              unsigned char i,dat1 = 0,dat2 = 0;
  14   1      
  15   1          CLK = 0; 
  16   1              DIO = 1;
  17   1              CS = 0; 
  18   1          CLK = 1;//产生开始信号
  19   1              
  20   1              CLK = 0;
  21   1          DIO = 1;//模拟输入选择模式（1单模信号 0 双模差分信号）
  22   1              CLK = 1;
  23   1              
  24   1              CLK = 0;
  25   1          DIO = channel;//模拟通道输入选择（1,0）
  26   1          CLK = 1;
  27   1              
  28   1          CLK = 0;
  29   1          DIO = 1;//数据线置高准备接收数据
  30   1         
  31   1          for (i = 0;i < 8;i++)
  32   1          {
  33   2             CLK = 1;
  34   2             CLK = 0;
  35   2             //if (DIO) 
  36   2             //dat1 |= 0x80 >> i;
  37   2                      dat1 = dat1<<1;
  38   2                      if(DIO == 1)
  39   2                              dat1 =dat1|0x01;
  40   2          }
  41   1      
  42   1          for (i = 0;i < 8;i++)
  43   1          {
  44   2            //if (DIO)
  45   2            //dat2 |= 0x80>>i;
  46   2                      
  47   2                      dat2 = dat2>>1;
  48   2                      if(DIO ==1)
  49   2                      {
  50   3                              dat2 = dat2|0x80;
  51   3                      }
  52   2            CLK = 1;
  53   2            CLK = 0;
  54   2          }   
  55   1              
C51 COMPILER V9.52.0.0   ADC0832                                                           05/16/2015 07:36:41 PAGE 2   

  56   1          CLK = 1; 
  57   1              CS = 1;
  58   1              DIO = 1;
  59   1              
  60   1              if (dat1 == dat2) 
  61   1                      return dat1;
  62   1              else
  63   1                      return 0;
  64   1      }
  65          void ADC_display()
  66          {
  67   1              
  68   1              
  69   1              ADC_val = getvalue0832(0)*100/255;
  70   1              write_LCD_command(0x98+3);
  71   1              write_LCD_data(0x30+ADC_val/10);
  72   1              write_LCD_data(0x30+ADC_val%10);
  73   1      }
  74                          
  75                  
  76          


MODULE INFORMATION:   STATIC OVERLAYABLE
   CODE SIZE        =    147    ----
   CONSTANT SIZE    =   ----    ----
   XDATA SIZE       =   ----    ----
   PDATA SIZE       =   ----    ----
   DATA SIZE        =      2    ----
   IDATA SIZE       =   ----    ----
   BIT SIZE         =   ----       1
END OF MODULE INFORMATION.


C51 COMPILATION COMPLETE.  0 WARNING(S),  0 ERROR(S)
