C51 COMPILER V9.52.0.0   DS18B20                                                           05/16/2015 07:36:40 PAGE 1   


C51 COMPILER V9.52.0.0, COMPILATION OF MODULE DS18B20
OBJECT MODULE PLACED IN ds18b20.OBJ
COMPILER INVOKED BY: D:\Keil\C51\BIN\C51.EXE ds18b20.c BROWSE DEBUG OBJECTEXTEND

line level    source

   1          /******************************************
   2          **程序名称:ds18b20的温度显示
   3          **程序功能：
   4          **程序作者：李松泽
   5          **创建时间 ：2014.3.22
   6          **程序说明：
   7          ******************************************/
   8          #include <reg52.h>
   9          #include "delay.h"
  10          #include "ds18b20.h"
  11          #define uchar unsigned char
  12          #define uint unsigned int
  13          sbit DQ=P3^6;
  14          uint tvalue;
  15          bit tflag;
  16          
  17          /******************************************
  18          **函数名称:void ds18b20rst()
  19          **功能描述：ds18b20初始化
  20          **输入:
  21          **输出：
  22          **作者：李松泽
  23          ******************************************/
  24          void ds18b20rst()
  25          {
  26   1          DQ=1;
  27   1                delayms(5);
  28   1                DQ=0;
  29   1                delayus(500);
  30   1                DQ=1;
  31   1                delayus(60);
  32   1      }
  33          
  34          /******************************************
  35          **函数名称: uchar ds18b20read()
  36          **功能描述：读ds18b20数据
  37          **输入:
  38          **输出：dat
  39          **作者：李松泽
  40          ******************************************/
  41          uchar ds18b20read()
  42          {
  43   1          uchar i=0;
  44   1                uchar dat=0;//用dat把读出来的数据存起来
  45   1          for(i=0;i<8;i++)
  46   1                {
  47   2              DQ=0;
  48   2                                dat=dat>>1;//右移，还起到延时1us
  49   2                                DQ=1;
  50   2                                if(DQ)
  51   2                                              dat|=0x80;
  52   2                                        delayus(15);
  53   2          }
  54   1                      return(dat);    
  55   1      }
C51 COMPILER V9.52.0.0   DS18B20                                                           05/16/2015 07:36:40 PAGE 2   

  56          
  57          /******************************************
  58          **函数名称: uchar ds18b20write(uchar com)
  59          **功能描述：写ds18b20数据
  60          **输入:
  61          **输出：dat
  62          **作者：李松泽
  63          ******************************************/
  64          void ds18b20write(uchar com)
  65          {
  66   1          uchar i=0;
  67   1                for(i=0;i<8;i++)
  68   1                {
  69   2              DQ=0;
  70   2                                DQ=com&0x01;
  71   2                                delayus(15);
  72   2                                DQ=1;
  73   2                                com=com>>1;  
  74   2          }
  75   1      }
  76          /******************************************
  77          **函数名称: uint read ds18b20temp()
  78          **功能描述：读取ds18b20温度值
  79          **输入:
  80          **输出：
  81          **作者：李松泽
  82          ******************************************/
  83          uint read_ds18b20temp()//注意这里读取16数据不能用uchar
  84          {
  85   1          uchar a,b;
  86   1          ds18b20rst();
  87   1                ds18b20write(0xcc);//跳过读ROM
  88   1                ds18b20write(0x44);//发送温度转换指令
  89   1                ds18b20rst();
  90   1          ds18b20write(0xcc);//跳过读ROM
  91   1          ds18b20write(0xbe);
  92   1          a=ds18b20read();//读18b20低八位
  93   1                b=ds18b20read();//读18b20高八位
  94   1                tvalue=b;
  95   1                tvalue=tvalue<<8;
  96   1                tvalue|=a;
  97   1                if(tvalue<0xffff)
  98   1                              tflag=0;
  99   1                      else
 100   1                      {
 101   2            tvalue=~tvalue+1;
 102   2                              tflag=1;
 103   2          }
 104   1                tvalue=tvalue*0.625;//扩大10倍
 105   1                      return(tvalue);         
 106   1      }
 107          
 108          
 109          
 110          


MODULE INFORMATION:   STATIC OVERLAYABLE
   CODE SIZE        =    218    ----
   CONSTANT SIZE    =   ----    ----
   XDATA SIZE       =   ----    ----
   PDATA SIZE       =   ----    ----
C51 COMPILER V9.52.0.0   DS18B20                                                           05/16/2015 07:36:40 PAGE 3   

   DATA SIZE        =      2       5
   IDATA SIZE       =   ----    ----
   BIT SIZE         =      1    ----
END OF MODULE INFORMATION.


C51 COMPILATION COMPLETE.  0 WARNING(S),  0 ERROR(S)
