=~=~=~=~=~=~=~=~=~=~=~= PuTTY log 2018.05.21 22:23:30 =~=~=~=~=~=~=~=~=~=~=~=
********************************************************************
******                      USB鼠标                           ******
******                      AT89S52 CPU                       ******
******                  建立日期：May 21 2018                 ******
******                   建立时间：22:21:38                   ******
******                    作者：lisongze                      ******
******                    欢迎访问作者的                      ******
******      BLOG：http://www.lisongze.cn                      ******
******      CSDN BLOG：http://blog.csdn.net/songze_lee        ******
******      说明：优化电脑圈圈的USB鼠标                       ******
******                  请按K1-K8分别进行测试                 ******
******    K1:光标左移  K2:光标右移  K3:光标上移 K4:光标下移   ******
******    K5:滚轮下滚  K6:滚轮上滚  K7:鼠标左键 K8:鼠标右键   ******
********************************************************************
Your D12 chip's ID is: 0x1012. ID is correrct!

断开USB连接。
连接USB。
USB总线复位。
USB总线挂起。
USB总线挂起。
USB总线复位。
USB端点0输出中断。OUT(Host -> Device)
读端点0缓冲区8字节。
0x80 0x06 0x00 0x01 0x00 0x00 0x40 0x00 
USB标准输入请求：获取描述符——设备描述符。
写端点0缓冲区16字节。
0x12 0x01 0x10 0x01 0x00 0x00 0x00 0x10 0x88 0x88 0x01 0x00 0x00 0x01 0x01 0x02 
USB端点0输出中断。OUT(Host -> Device)
读端点0缓冲区0字节。
USB端点0输入中断。IN(Device -> Host)
写端点0缓冲区2字节。
0x03 0x01 
USB总线复位。
USB端点0输出中断。OUT(Host -> Device)
读端点0缓冲区8字节。
0x00 0x05 0x16 0x00 0x00 0x00 0x00 0x00 
USB标准输出请求：设置地址。地址为：0x16 
写端点0缓冲区0字节。
USB端点0输入中断。IN(Device -> Host)
USB端点0输出中断。OUT(Host -> Device)
读端点0缓冲区8字节。
0x80 0x06 0x00 0x01 0x00 0x00 0x12 0x00 
USB标准输入请求：获取描述符——设备描述符。
写端点0缓冲区16字节。
0x12 0x01 0x10 0x01 0x00 0x00 0x00 0x10 0x88 0x88 0x01 0x00 0x00 0x01 0x01 0x02 
USB端点0输入中断。IN(Device -> Host)
写端点0缓冲区2字节。
0x03 0x01 
USB端点0输出中断。OUT(Host -> Device)
读端点0缓冲区8字节。
0x80 0x06 0x00 0x02 0x00 0x00 0xFF 0x00 
USB标准输入请求：获取描述符——配置描述符。
写端点0缓冲区16字节。
0x09 0x02 0x22 0x00 0x01 0x01 0x00 0x80 0x32 0x09 0x04 0x00 0x00 0x01 0x03 0x01 
USB端点0输入中断。IN(Device -> Host)
写端点0缓冲区16字节。
0x02 0x00 0x09 0x21 0x10 0x01 0x21 0x01 0x22 0x34 0x00 0x07 0x05 0x81 0x03 0x10 
USB端点0输入中断。IN(Device -> Host)
写端点0缓冲区2字节。
0x00 0x0A 
USB端点0输出中断。OUT(Host -> Device)
读端点0缓冲区8字节。
0x80 0x06 0x03 0x03 0x09 0x04 0xFF 0x00 
USB标准输入请求：获取描述符——字符串描述符。
(产品序列号)。
写端点0缓冲区16字节。
0x16 0x03 0x32 0x00 0x30 0x00 0x31 0x00 0x38 0x00 0x2D 0x00 0x30 0x00 0x35 0x00 
USB端点0输入中断。IN(Device -> Host)
写端点0缓冲区6字节。
0x2D 0x00 0x32 0x00 0x30 0x00 
USB端点0输出中断。OUT(Host -> Device)
读端点0缓冲区8字节。
0x80 0x06 0x00 0x03 0x00 0x00 0xFF 0x00 
USB标准输入请求：获取描述符——字符串描述符。
(语言ID)。
写端点0缓冲区4字节。
0x04 0x03 0x09 0x04 
USB端点0输入中断。IN(Device -> Host)
USB端点0输出中断。OUT(Host -> Device)
读端点0缓冲区8字节。
0x80 0x06 0x02 0x03 0x09 0x04 0xFF 0x00 
USB标准输入请求：获取描述符——字符串描述符。
(产品描述)。
写端点0缓冲区16字节。
0x18 0x03 0x75 0x00 0x73 0x00 0x62 0x00 0x20 0x9F 0x07 0x68 0x0C 0xFF 0x62 0x00 
USB端点0输入中断。IN(Device -> Host)
写端点0缓冲区8字节。
0x79 0x00 0x4E 0x67 0x7E 0x67 0xFD 0x6C 
USB端点0输出中断。OUT(Host -> Device)
读端点0缓冲区8字节。
0x80 0x06 0x00 0x01 0x00 0x00 0x12 0x00 
USB标准输入请求：获取描述符——设备描述符。
写端点0缓冲区16字节。
0x12 0x01 0x10 0x01 0x00 0x00 0x00 0x10 0x88 0x88 0x01 0x00 0x00 0x01 0x01 0x02 
USB端点0输入中断。IN(Device -> Host)
写端点0缓冲区2字节。
0x03 0x01 
USB端点0输出中断。OUT(Host -> Device)
读端点0缓冲区8字节。
0x80 0x06 0x00 0x02 0x00 0x00 0x09 0x00 
USB标准输入请求：获取描述符——配置描述符。
写端点0缓冲区9字节。
0x09 0x02 0x22 0x00 0x01 0x01 0x00 0x80 0x32 
USB端点0输入中断。IN(Device -> Host)
USB端点0输出中断。OUT(Host -> Device)
读端点0缓冲区8字节。
0x80 0x06 0x00 0x02 0x00 0x00 0x22 0x00 
USB标准输入请求：获取描述符——配置描述符。
写端点0缓冲区16字节。
0x09 0x02 0x22 0x00 0x01 0x01 0x00 0x80 0x32 0x09 0x04 0x00 0x00 0x01 0x03 0x01 
USB端点0输入中断。IN(Device -> Host)
写端点0缓冲区16字节。
0x02 0x00 0x09 0x21 0x10 0x01 0x21 0x01 0x22 0x34 0x00 0x07 0x05 0x81 0x03 0x10 
USB端点0输入中断。IN(Device -> Host)
写端点0缓冲区2字节。
0x00 0x0A 
USB端点0输出中断。OUT(Host -> Device)
读端点0缓冲区8字节。
0x80 0x06 0x00 0x02 0x00 0x00 0x09 0x00 
USB标准输入请求：获取描述符——配置描述符。
写端点0缓冲区9字节。
0x09 0x02 0x22 0x00 0x01 0x01 0x00 0x80 0x32 
USB端点0输入中断。IN(Device -> Host)
USB端点0输出中断。OUT(Host -> Device)
读端点0缓冲区8字节。
0x00 0x09 0x01 0x00 0x00 0x00 0x00 0x00 
USB标准输出请求：设置配置。
写端点0缓冲区0字节。
USB端点0输入中断。IN(Device -> Host)
USB端点0输出中断。OUT(Host -> Device)
读端点0缓冲区8字节。
0x80 0x06 0x00 0x02 0x00 0x00 0x22 0x00 
USB标准输入请求：获取描述符——配置描述符。
写端点0缓冲区16字节。
0x09 0x02 0x22 0x00 0x01 0x01 0x00 0x80 0x32 0x09 0x04 0x00 0x00 0x01 0x03 0x01 
USB端点0输入中断。IN(Device -> Host)
写端点0缓冲区16字节。
0x02 0x00 0x09 0x21 0x10 0x01 0x21 0x01 0x22 0x34 0x00 0x07 0x05 0x81 0x03 0x10 
USB端点0输入中断。IN(Device -> Host)
写端点0缓冲区2字节。
0x00 0x0A 
USB端点0输出中断。OUT(Host -> Device)
读端点0缓冲区8字节。
0x21 0x0A 0x00 0x00 0x00 0x00 0x00 0x00 
USB类输出请求：设置空闲。
写端点0缓冲区0字节。
USB端点0输入中断。IN(Device -> Host)
USB端点0输出中断。OUT(Host -> Device)
读端点0缓冲区8字节。
0x81 0x06 0x00 0x22 0x00 0x00 0x74 0x00 
USB标准输入请求：获取描述符——报告描述符。
写端点0缓冲区16字节。
0x05 0x01 0x09 0x02 0xA1 0x01 0x09 0x01 0xA1 0x00 0x05 0x09 0x19 0x01 0x29 0x03 
USB端点0输入中断。IN(Device -> Host)
写端点0缓冲区16字节。
0x15 0x00 0x25 0x01 0x95 0x03 0x75 0x01 0x81 0x02 0x95 0x01 0x75 0x05 0x81 0x03 
USB端点0输入中断。IN(Device -> Host)
写端点0缓冲区16字节。
0x05 0x01 0x09 0x30 0x09 0x31 0x09 0x38 0x15 0x81 0x25 0x7F 0x75 0x08 0x95 0x03 
USB端点0输入中断。IN(Device -> Host)
写端点0缓冲区4字节。
0x81 0x06 0xC0 0xC0 
USB端点0输出中断。OUT(Host -> Device)
读端点0缓冲区0字节。
USB端点0输入中断。IN(Device -> Host)
key1 按下，光标左移
写端点1缓冲区4字节。
0x00 0xFB 0x00 0x00 
USB端点1输入中断。
key1 按下，光标左移
写端点1缓冲区4字节。
0x00 0xFB 0x00 0x00 
USB端点1输入中断。
key2 按下，光标右移
写端点1缓冲区4字节。
0x00 0x05 0x00 0x00 
USB端点1输入中断。
key2 按下，光标右移
写端点1缓冲区4字节。
0x00 0x05 0x00 0x00 
USB端点1输入中断。
key2 按下，光标右移
写端点1缓冲区4字节。
0x00 0x05 0x00 0x00 
USB端点1输入中断。
key3 按下，光标上移
写端点1缓冲区4字节。
0x00 0x00 0xFB 0x00 
USB端点1输入中断。
key3 按下，光标上移
写端点1缓冲区4字节。
0x00 0x00 0xFB 0x00 
USB端点1输入中断。
key3 按下，光标上移
写端点1缓冲区4字节。
0x00 0x00 0xFB 0x00 
USB端点1输入中断。
key4 按下，光标下移
写端点1缓冲区4字节。
0x00 0x00 0x05 0x00 
USB端点1输入中断。
key4 按下，光标下移
写端点1缓冲区4字节。
0x00 0x00 0x05 0x00 
USB端点1输入中断。
key4 按下，光标下移
写端点1缓冲区4字节。
0x00 0x00 0x05 0x00 
USB端点1输入中断。
key5 按下，光标下滚
写端点1缓冲区4字节。
0x00 0x00 0x00 0xFF 
USB端点1输入中断。
key5 按下，光标下滚
写端点1缓冲区4字节。
0x00 0x00 0x00 0xFF 
USB端点1输入中断。
key5 按下，光标下滚
写端点1缓冲区4字节。
0x00 0x00 0x00 0xFF 
USB端点1输入中断。
key6 按下，光标上滚
写端点1缓冲区4字节。
0x00 0x00 0x00 0x01 
USB端点1输入中断。
key6 按下，光标上滚
写端点1缓冲区4字节。
0x00 0x00 0x00 0x01 
USB端点1输入中断。
key6 按下，光标上滚
写端点1缓冲区4字节。
0x00 0x00 0x00 0x01 
USB端点1输入中断。
key7 按下，鼠标左键
写端点1缓冲区4字节。
0x01 0x00 0x00 0x00 
USB端点1输入中断。
写端点1缓冲区4字节。
0x00 0x00 0x00 0x00 
USB端点1输入中断。
key8 按下，鼠标右键
写端点1缓冲区4字节。
0x02 0x00 0x00 0x00 
USB端点1输入中断。
写端点1缓冲区4字节。
0x00 0x00 0x00 0x00 
USB端点1输入中断。
