C51 COMPILER V9.52.0.0   IR                                                                04/07/2015 12:38:13 PAGE 1   


C51 COMPILER V9.52.0.0, COMPILATION OF MODULE IR
OBJECT MODULE PLACED IN IR.OBJ
COMPILER INVOKED BY: D:\Keil\C51\BIN\C51.EXE IR.c BROWSE DEBUG OBJECTEXTEND

line level    source

   1          /*-----------------------------------------------
   2            名称：遥控器红外解码数液晶显示
   3            内容：按配套遥控器按键，液晶显示4组码值，分别是用户码 用户码 数据码 数据反码
   4                  显示如下：
   5                           BOLE-HORSE
   6                           Code:1E-1E-00-FF
   7          ------------------------------------------------*/
   8          #include <reg52.h>  
   9          #include "LCD12864.h"
  10          #include "IR.h"
  11          #include "beep.h"
  12          #include "GSM.h"
  13          sbit IR=P3^3;  //红外接口标志
  14          sbit IN1=P3^4;//左电机
  15          sbit IN2=P3^5;
  16          sbit IN3=P3^6;//右电机
  17          sbit IN4=P3^7;
  18          
  19          //char code Tab[16]="0123456789ABCDEF";
  20          unsigned char  irtime;//红外用全局变量
  21          bit irpro_ok,irok;
  22          unsigned char IRcord[4];
  23          unsigned char irdata[33];
  24          //unsigned char TempData[16];
  25          
  26          /****************定时器0中断处理*******************/
  27          
  28          void tim0_isr (void) interrupt 1 using 1
  29          {
  30   1        irtime++;  //用于计数2个下降沿之间的时间
  31   1      }
  32          
  33          /******************外部中断1中断处理****************/
  34          void EX1_ISR (void) interrupt 2 //外部中断1服务函数
  35          {
  36   1          static unsigned char  i;             //接收红外信号处理
  37   1          static bit startflag;                //是否开始处理标志位
  38   1          if(startflag)                         
  39   1          {
  40   2              if(irtime<63&&irtime>=33)//引导码 TC9012的头码，9ms+4.5ms
  41   2                  i=0;
  42   2                      irdata[i]=irtime;//存储每个电平的持续时间，用于以后判断是0还是1
  43   2                      irtime=0;
  44   2                      i++;
  45   2                              if(i==33)
  46   2              {
  47   3                                       irok=1;
  48   3                                         i=0;
  49   3                              }
  50   2          }
  51   1              else
  52   1                      {
  53   2                          irtime=0;
  54   2                          startflag=1;
  55   2                      }
C51 COMPILER V9.52.0.0   IR                                                                04/07/2015 12:38:13 PAGE 2   

  56   1      
  57   1      }
  58          
  59          /************定时器0初始化****************/
  60          void TIM0init(void)//定时器0初始化
  61          {
  62   1          TMOD|=0x02;//定时器0工作方式2，TH0是重装值，TL0是初值
  63   1          TH0=0x00; //重载值
  64   1          TL0=0x00; //初始化值
  65   1          ET0=1;    //开中断
  66   1          TR0=1;    
  67   1      }
  68          /*******************外部中断1初始*******************/
  69          void EX1init(void)
  70          {
  71   1          IT1 = 1;   //指定外部中断1下降沿触发，INT1 (P3.3)
  72   1          EX1 = 1;   //使能外部中断
  73   1          EA = 1;    //开总中断
  74   1      }
  75          /*********************键值处理**********************/
  76          
  77          void Ir_work(void)
  78          {
  79   1          /* TempData[0] = Tab[IRcord[0]/16];   //处理客户码
  80   1                 TempData[1] = Tab[IRcord[0]%16];
  81   1           TempData[2] = '-';
  82   1                 TempData[3] = Tab[IRcord[1]/16];   //处理客户码
  83   1                 TempData[4] = Tab[IRcord[1]%16];
  84   1                 TempData[5] = '-';
  85   1                 TempData[6] = Tab[IRcord[2]/16];   //处理数据码
  86   1                 TempData[7] = Tab[IRcord[2]%16];
  87   1                 TempData[8] = '-';
  88   1                 TempData[9] = Tab[IRcord[3]/16];   //处理数据反码
  89   1                 TempData[10] = Tab[IRcord[3]%16];*/
  90   1           if((IRcord[2]/16==4)&&(IRcord[2]%16==6))
  91   1                       {
  92   2                               
  93   2              IN1=1;
  94   2                    IN2=0;
  95   2                    IN3=1;
  96   2                    IN4=0;
  97   2                                //LCD_display(0x90,"小车状态：前进");
  98   2           }
  99   1                 if((IRcord[2]/16==1)&&(IRcord[2]%16==5))
 100   1                       {
 101   2                                
 102   2              IN1=0;
 103   2                    IN2=1;
 104   2                    IN3=0;
 105   2                    IN4=1;
 106   2                               //LCD_display(0x90,"小车状态：后退");
 107   2           }
 108   1                       if((IRcord[2]/16==4)&&(IRcord[2]%16==4))
 109   1                       {
 110   2                               
 111   2              IN1=1;
 112   2                    IN2=1;
 113   2                    IN3=1;
 114   2                    IN4=0;
 115   2                                //LCD_display(0x90,"小车状态：左转");
 116   2           }
 117   1                       if((IRcord[2]/16==4)&&(IRcord[2]%16==3))
C51 COMPILER V9.52.0.0   IR                                                                04/07/2015 12:38:13 PAGE 3   

 118   1                       {
 119   2                                
 120   2              IN1=1;
 121   2                    IN2=0;
 122   2                    IN3=1;
 123   2                    IN4=1;
 124   2                                //LCD_display(0x90,"小车状态：右转");
 125   2           }
 126   1                       if((IRcord[2]/16==4)&&(IRcord[2]%16==0))
 127   1                       {
 128   2                                
 129   2              IN1=1;
 130   2                    IN2=1;
 131   2                    IN3=1;
 132   2                    IN4=1;
 133   2                                //LCD_display(0x90,"小车状态：停车");
 134   2           }
 135   1                       if((IRcord[2]/16==4)&&(IRcord[2]%16==5))//开车灯
 136   1                       {
 137   2                LED_3W_OPEN();                          
 138   2           }
 139   1                       if((IRcord[2]/16==4)&&(IRcord[2]%16==7))//关车灯
 140   1                       {
 141   2                                  LED_3W_CLOSE();     
 142   2           }
 143   1                       if((IRcord[2]/16==0)&&(IRcord[2]%16==7))//发送探测状况
 144   1                       {
 145   2                                  Send_Message();  
 146   2           }
 147   1                 irpro_ok=0;//处理完成标志
 148   1      
 149   1        }
 150          /*------------------------------------------------
 151                          红外码值处理
 152          ------------------------------------------------*/
 153          void Ircordpro(void)//红外码值处理函数
 154          { 
 155   1          unsigned char i, j, k;
 156   1          unsigned char cord,value;
 157   1          k=1;
 158   1          for(i=0;i<4;i++)      //处理4个字节
 159   1          {
 160   2              for(j=1;j<=8;j++) //处理1个字节8位
 161   2              {
 162   3                  cord=irdata[k];
 163   3                  if(cord>7)//大于某值为1，这个和晶振有绝对关系，这里使用12M计算，此值可以有一定误差
 164   3                      value|=0x80;
 165   3                  if(j<8)
 166   3                              {
 167   4                                        value>>=1;
 168   4                                    }
 169   3                      k++;
 170   3               }
 171   2           IRcord[i]=value;
 172   2           value=0;     
 173   2           } 
 174   1                 irpro_ok=1;//处理完毕标志位置1
 175   1      }
 176          
 177            


C51 COMPILER V9.52.0.0   IR                                                                04/07/2015 12:38:13 PAGE 4   

MODULE INFORMATION:   STATIC OVERLAYABLE
   CODE SIZE        =    309    ----
   CONSTANT SIZE    =   ----    ----
   XDATA SIZE       =   ----    ----
   PDATA SIZE       =   ----    ----
   DATA SIZE        =     39    ----
   IDATA SIZE       =   ----    ----
   BIT SIZE         =      3    ----
END OF MODULE INFORMATION.


C51 COMPILATION COMPLETE.  0 WARNING(S),  0 ERROR(S)
